<?xml version="1.0" encoding="utf-8"?><testsuites name="pytest tests"><testsuite name="pytest" errors="0" failures="0" skipped="0" tests="56" time="3.919" timestamp="2026-06-17T18:53:44.673933+02:00" hostname="nvidia"><testcase classname="tests.test_api_runtime" name="test_health" time="0.106" /><testcase classname="tests.test_api_runtime" name="test_voice_page" time="0.004" /><testcase classname="tests.test_api_runtime" name="test_static_assets" time="0.005" /><testcase classname="tests.test_api_runtime" name="test_api_packs" time="0.002" /><testcase classname="tests.test_api_runtime" name="test_uri_call_voice_plan" time="0.041" /><testcase classname="tests.test_api_runtime" name="test_flow_validate" time="0.003" /><testcase classname="tests.test_api_runtime" name="test_flow_expand" time="0.002" /><testcase classname="tests.test_api_runtime" name="test_flow_expand_missing_text" time="0.001" /><testcase classname="tests.test_api_runtime" name="test_chat_channels" time="1.512" /><testcase classname="tests.test_api_runtime" name="test_chat_history" time="0.002" /><testcase classname="tests.test_api_runtime" name="test_network_scan" time="1.512" /><testcase classname="tests.test_api_runtime" name="test_voice_plan" time="0.002" /><testcase classname="tests.test_api_runtime" name="test_chat_send_empty" time="0.001" /><testcase classname="tests.test_api_runtime" name="test_concurrent_health" time="0.038" /><testcase classname="tests.test_api_runtime" name="test_not_found" time="0.501" /><testcase classname="tests.test_chat_channels" name="test_channels_from_scan_groups_endpoints" time="0.000" /><testcase classname="tests.test_chat_channels" name="test_send_empty_message" time="0.000" /><testcase classname="tests.test_chat_history" name="test_fetch_chat_history_from_node" time="0.001" /><testcase classname="tests.test_chat_history" name="test_persist_chat_turn" time="0.001" /><testcase classname="tests.test_chat_migrate" name="test_chat_available_false_on_404" time="0.001" /><testcase classname="tests.test_chat_migrate" name="test_migrate_skips_when_unavailable" time="0.000" /><testcase classname="tests.test_chat_migrate" name="test_migrate_uploads_local_messages" time="0.002" /><testcase classname="tests.test_chat_store" name="test_local_store_roundtrip" time="0.001" /><testcase classname="tests.test_chat_store" name="test_fetch_history_falls_back_on_404" time="0.002" /><testcase classname="tests.test_chat_store" name="test_persist_falls_back_on_404" time="0.001" /><testcase classname="tests.test_flow_compile" name="test_uri2flow_available" time="0.000" /><testcase classname="tests.test_flow_compile" name="test_expand_flow_uses_uri2flow" time="0.001" /><testcase classname="tests.test_flow_compile" name="test_expand_flow_compiled_graph_edges" time="0.001" /><testcase classname="tests.test_flow_compile" name="test_flow_steps_from_kvm_linkedin_flow" time="0.007" /><testcase classname="tests.test_gui_smoke" name="test_gui_module_imports" time="0.009" /><testcase classname="tests.test_gui_smoke" name="test_gui_smoke_script_parse" time="0.000" /><testcase classname="tests.test_ifuri_app" name="test_plan_linkedin_flow" time="0.000" /><testcase classname="tests.test_ifuri_app" name="test_plan_health_flow" time="0.000" /><testcase classname="tests.test_ifuri_app" name="test_plan_voice_fallback" time="0.002" /><testcase classname="tests.test_ifuri_app" name="test_expand_flow_extracts_uris" time="0.001" /><testcase classname="tests.test_ifuri_app" name="test_scan_network_structure" time="0.001" /><testcase classname="tests.test_ifuri_app" name="test_node_voice_capabilities_without_voice_packs" time="0.000" /><testcase classname="tests.test_ifuri_app" name="test_node_voice_capabilities_with_stt_pack" time="0.000" /><testcase classname="tests.test_ifuri_app" name="test_screen_uri" time="0.000" /><testcase classname="tests.test_ifuri_app" name="test_unwrap_result_nested" time="0.000" /><testcase classname="tests.test_ifuri_app" name="test_capture_remote_screen_mock" time="0.000" /><testcase classname="tests.test_ifuri_app" name="test_connection_hint_on_refused" time="0.000" /><testcase classname="tests.test_packs_loader" name="test_packages_root_exists" time="0.000" /><testcase classname="tests.test_packs_loader" name="test_discover_manifests_finds_bridge_voice_chat" time="0.000" /><testcase classname="tests.test_packs_loader" name="test_pack_summary_lists_js_page_pack" time="0.001" /><testcase classname="tests.test_packs_loader" name="test_load_local_registry_when_uricore_available" time="0.000" /><testcase classname="tests.test_packs_runtime" name="test_local_runtime_info" time="0.001" /><testcase classname="tests.test_packs_runtime" name="test_voice_plan_local_pack" time="0.001" /><testcase classname="tests.test_url_params" name="test_voice_url_builds_prompt" time="0.000" /><testcase classname="tests.test_url_params" name="test_voice_query_skips_empty" time="0.000" /><testcase classname="tests.test_url_params" name="test_merge_voice_url" time="0.000" /><testcase classname="tests.test_voice_planner" name="test_regex_health" time="0.000" /><testcase classname="tests.test_voice_planner" name="test_catalog_loads_examples" time="0.036" /><testcase classname="tests.test_voice_planner" name="test_catalog_matches_description_keywords" time="0.039" /><testcase classname="tests.test_voice_planner" name="test_auto_planner_fallback" time="0.000" /><testcase classname="tests.test_voice_planner" name="test_llm_planner_flow_json" time="0.000" /></testsuite></testsuites>