<?xml version="1.0" encoding="utf-8"?><testsuites name="pytest tests"><testsuite name="pytest" errors="0" failures="0" skipped="0" tests="5" time="0.042" timestamp="2026-06-17T17:10:45.195221+02:00" hostname="nvidia"><testcase classname="tests.test_ifuri_app" name="test_plan_linkedin_flow" time="0.001" /><testcase classname="tests.test_ifuri_app" name="test_plan_health_flow" time="0.000" /><testcase classname="tests.test_ifuri_app" name="test_plan_voice_fallback" time="0.000" /><testcase classname="tests.test_ifuri_app" name="test_expand_flow_extracts_uris" time="0.000" /><testcase classname="tests.test_ifuri_app" name="test_scan_network_structure" time="0.002" /></testsuite></testsuites>